<?xml version="1.0" encoding="UTF-8"?>
<!-- Generated by org.testng.reporters.JUnitXMLReporter -->
<testsuite ignored="0" hostname="LAPTOP-PCE3CPOU" failures="0" tests="6" name="Test" time="97.651" errors="0" timestamp="2023-06-05T12:41:07 IST">
  <testcase classname="test_cases.DWS_CommunityPoll" name="communityPoll" time="0.802"/>
  <testcase classname="test_cases.DWS_Search_TC" name="search" time="2.449"/>
  <testcase classname="test_cases.DWS_Search_TC" name="search" time="2.159"/>
  <testcase classname="test_cases.DWS_Registerpage" name="register" time="17.674"/>
  <testcase classname="test_cases.DWS_Registerpage" name="register" time="31.306"/>
  <testcase classname="test_cases.DWS_Subscribe" name="subscribe" time="0.943"/>
</testsuite> <!-- Test -->
