<?xml version="1.0" encoding="UTF-8"?>
<!-- Generated by org.testng.reporters.JUnitXMLReporter -->
<testsuite ignored="0" hostname="LAPTOP-PCE3CPOU" failures="0" tests="3" name="Regression_Test" time="47.418" errors="0" timestamp="2023-06-02T11:51:18 IST">
  <testcase classname="test_cases.DWS_CommunityPoll" name="communityPoll" time="1.588"/>
  <testcase classname="test_cases.DWS_Search_TC" name="search" time="3.088"/>
  <testcase classname="test_cases.DWS_Subscribe" name="subscribe" time="0.972"/>
</testsuite> <!-- Regression_Test -->
